<?xml version="1.0" encoding="UTF-8"?>
<testng-results skipped="0" failed="1" ignored="0" total="3" passed="2">
  <reporter-output>
  </reporter-output>
  <suite name="Suite" duration-ms="73211" started-at="2021-09-21T21:03:52 IST" finished-at="2021-09-21T21:05:05 IST">
    <groups>
    </groups>
    <test name="Test" duration-ms="25610" started-at="2021-09-21T21:03:52 IST" finished-at="2021-09-21T21:04:18 IST">
      <class name="com.tes.ParallelExec">
        <test-method status="PASS" signature="tc1(java.lang.String)[pri:0, instance:com.tes.ParallelExec@da0940]" name="tc1" duration-ms="25399" started-at="2021-09-21T21:03:52 IST" finished-at="2021-09-21T21:04:18 IST">
          <params>
            <param index="0">
              <value>
                <![CDATA[chrome]]>
              </value>
            </param>
          </params>
          <reporter-output>
          </reporter-output>
        </test-method> <!-- tc1 -->
      </class> <!-- com.tes.ParallelExec -->
    </test> <!-- Test -->
    <test name="Test1" duration-ms="4913" started-at="2021-09-21T21:04:19 IST" finished-at="2021-09-21T21:04:24 IST">
      <class name="com.tes.ParallelExec">
        <test-method status="FAIL" signature="tc1(java.lang.String)[pri:0, instance:com.tes.ParallelExec@15bfd87]" name="tc1" duration-ms="4897" started-at="2021-09-21T21:04:19 IST" finished-at="2021-09-21T21:04:24 IST">
          <params>
            <param index="0">
              <value>
                <![CDATA[edge]]>
              </value>
            </param>
          </params>
          <exception class="io.github.bonigarcia.wdm.WebDriverManagerException">
            <message>
              <![CDATA[java.util.NoSuchElementException]]>
            </message>
            <full-stacktrace>
              <![CDATA[io.github.bonigarcia.wdm.WebDriverManagerException: java.util.NoSuchElementException
at io.github.bonigarcia.wdm.WebDriverManager.handleException(WebDriverManager.java:776)
at io.github.bonigarcia.wdm.WebDriverManager.manage(WebDriverManager.java:550)
at io.github.bonigarcia.wdm.WebDriverManager.handleException(WebDriverManager.java:773)
at io.github.bonigarcia.wdm.WebDriverManager.manage(WebDriverManager.java:550)
at io.github.bonigarcia.wdm.WebDriverManager.handleException(WebDriverManager.java:766)
at io.github.bonigarcia.wdm.WebDriverManager.manage(WebDriverManager.java:550)
at io.github.bonigarcia.wdm.WebDriverManager.setup(WebDriverManager.java:260)
at com.tes.ParallelExec.tc1(ParallelExec.java:30)
at sun.reflect.NativeMethodAccessorImpl.invoke0(Native Method)
at sun.reflect.NativeMethodAccessorImpl.invoke(Unknown Source)
at sun.reflect.DelegatingMethodAccessorImpl.invoke(Unknown Source)
at java.lang.reflect.Method.invoke(Unknown Source)
at org.testng.internal.MethodInvocationHelper.invokeMethod(MethodInvocationHelper.java:133)
at org.testng.internal.TestInvoker.invokeMethod(TestInvoker.java:598)
at org.testng.internal.TestInvoker.invokeTestMethod(TestInvoker.java:173)
at org.testng.internal.MethodRunner.runInSequence(MethodRunner.java:46)
at org.testng.internal.TestInvoker$MethodInvocationAgent.invoke(TestInvoker.java:824)
at org.testng.internal.TestInvoker.invokeTestMethods(TestInvoker.java:146)
at org.testng.internal.TestMethodWorker.invokeTestMethods(TestMethodWorker.java:146)
at org.testng.internal.TestMethodWorker.run(TestMethodWorker.java:128)
at java.util.ArrayList.forEach(Unknown Source)
at org.testng.TestRunner.privateRun(TestRunner.java:794)
at org.testng.TestRunner.run(TestRunner.java:596)
at org.testng.SuiteRunner.runTest(SuiteRunner.java:377)
at org.testng.SuiteRunner.runSequentially(SuiteRunner.java:371)
at org.testng.SuiteRunner.privateRun(SuiteRunner.java:332)
at org.testng.SuiteRunner.run(SuiteRunner.java:276)
at org.testng.SuiteRunnerWorker.runSuite(SuiteRunnerWorker.java:53)
at org.testng.SuiteRunnerWorker.run(SuiteRunnerWorker.java:96)
at org.testng.TestNG.runSuitesSequentially(TestNG.java:1212)
at org.testng.TestNG.runSuitesLocally(TestNG.java:1134)
at org.testng.TestNG.runSuites(TestNG.java:1063)
at org.testng.TestNG.run(TestNG.java:1031)
at org.testng.remote.AbstractRemoteTestNG.run(AbstractRemoteTestNG.java:115)
at org.testng.remote.RemoteTestNG.initAndRun(RemoteTestNG.java:251)
at org.testng.remote.RemoteTestNG.main(RemoteTestNG.java:77)
Caused by: java.util.NoSuchElementException
at java.util.ArrayList$Itr.next(Unknown Source)
at io.github.bonigarcia.wdm.EdgeDriverManager.checkLatest(EdgeDriverManager.java:179)
at io.github.bonigarcia.wdm.WebDriverManager.filterCandidateUrls(WebDriverManager.java:799)
at io.github.bonigarcia.wdm.WebDriverManager.downloadAndExport(WebDriverManager.java:568)
at io.github.bonigarcia.wdm.WebDriverManager.manage(WebDriverManager.java:547)
... 34 more
]]>
            </full-stacktrace>
          </exception> <!-- io.github.bonigarcia.wdm.WebDriverManagerException -->
          <reporter-output>
          </reporter-output>
        </test-method> <!-- tc1 -->
      </class> <!-- com.tes.ParallelExec -->
    </test> <!-- Test1 -->
    <test name="Test2" duration-ms="41225" started-at="2021-09-21T21:04:24 IST" finished-at="2021-09-21T21:05:05 IST">
      <class name="com.tes.ParallelExec">
        <test-method status="PASS" signature="tc1(java.lang.String)[pri:0, instance:com.tes.ParallelExec@f75083]" name="tc1" duration-ms="41217" started-at="2021-09-21T21:04:24 IST" finished-at="2021-09-21T21:05:05 IST">
          <params>
            <param index="0">
              <value>
                <![CDATA[ff]]>
              </value>
            </param>
          </params>
          <reporter-output>
          </reporter-output>
        </test-method> <!-- tc1 -->
      </class> <!-- com.tes.ParallelExec -->
    </test> <!-- Test2 -->
  </suite> <!-- Suite -->
</testng-results>
